Arguments: 
  /home/andresalatalima/.nvm/versions/node/v16.13.1/bin/node /home/andresalatalima/.yarn/bin/yarn.js add webpack webpack-cli

PATH: 
  /home/andresalatalima/.rbenv/versions/3.0.3/lib/ruby/gems/3.0.0/bin:/home/andresalatalima/.rbenv/versions/3.0.3/bin:/home/andresalatalima/.rbenv/libexec:/home/andresalatalima/.rbenv/plugins/ruby-build/bin:/home/andresalatalima/.yarn/bin:/home/andresalatalima/.config/yarn/global/node_modules/.bin:./bin:./node_modules/.bin:/home/andresalatalima/.nvm/versions/node/v16.13.1/bin:/home/andresalatalima/.rbenv/shims:/home/andresalatalima/.rbenv/bin:/home/andresalatalima/.pyenv/bin:/usr/local/sbin:/usr/local/bin:/usr/sbin:/usr/bin:/sbin:/bin:/usr/games:/usr/local/games:/usr/lib/wsl/lib:/mnt/c/Windows/system32:/mnt/c/Windows:/mnt/c/Windows/System32/Wbem:/mnt/c/Windows/System32/WindowsPowerShell/v1.0/:/mnt/c/Windows/System32/OpenSSH/:/mnt/c/Program Files (x86)/NVIDIA Corporation/PhysX/Common:/mnt/c/Program Files/NVIDIA Corporation/NVIDIA NvDLISR:/mnt/c/Users/andre/AppData/Local/Microsoft/WindowsApps:/mnt/c/Users/andre/AppData/Local/Programs/Microsoft VS Code/bin

Yarn version: 
  1.22.19

Node version: 
  16.13.1

Platform: 
  linux x64

Trace: 
  Error: getaddrinfo EAI_AGAIN registry.yarnpkg.com
      at GetAddrInfoReqWrap.onlookup [as oncomplete] (node:dns:71:26)

npm manifest: 
  {
    "name": "app",
    "private": "true"
  }

yarn manifest: 
  No manifest

Lockfile: 
  No lockfile
